<?xml version="1.0" encoding="UTF-8"?>
<testsuite name="sii.app.TradeServiceTest" time="0.019" tests="1" errors="1" skipped="0" failures="0">
  <properties>
    <property name="java.runtime.name" value="Java(TM) SE Runtime Environment"/>
    <property name="sun.boot.library.path" value="C:\PROGRA~2\Java\jdk1.8.0_121\jre\bin"/>
    <property name="java.vm.version" value="25.121-b13"/>
    <property name="java.vm.vendor" value="Oracle Corporation"/>
    <property name="maven.multiModuleProjectDirectory" value="C:/Users/cliente/Documents/exocerebro/devnateksii/siitrialbackend"/>
    <property name="java.vendor.url" value="http://java.oracle.com/"/>
    <property name="path.separator" value=";"/>
    <property name="guice.disable.misplaced.annotation.check" value="true"/>
    <property name="java.vm.name" value="Java HotSpot(TM) Client VM"/>
    <property name="file.encoding.pkg" value="sun.io"/>
    <property name="user.script" value=""/>
    <property name="user.country" value="MX"/>
    <property name="sun.java.launcher" value="SUN_STANDARD"/>
    <property name="sun.os.patch.level" value=""/>
    <property name="java.vm.specification.name" value="Java Virtual Machine Specification"/>
    <property name="user.dir" value="C:\Users\cliente\Documents\exocerebro\devnateksii\siitrialbackend"/>
    <property name="java.runtime.version" value="1.8.0_121-b13"/>
    <property name="java.awt.graphicsenv" value="sun.awt.Win32GraphicsEnvironment"/>
    <property name="java.endorsed.dirs" value="C:\PROGRA~2\Java\jdk1.8.0_121\jre\lib\endorsed"/>
    <property name="os.arch" value="x86"/>
    <property name="java.io.tmpdir" value="C:\Users\cliente\AppData\Local\Temp\"/>
    <property name="line.separator" value="&#10;"/>
    <property name="java.vm.specification.vendor" value="Oracle Corporation"/>
    <property name="user.variant" value=""/>
    <property name="os.name" value="Windows 7"/>
    <property name="classworlds.conf" value="C:/apache-maven-3.5.0/bin/m2.conf"/>
    <property name="sun.jnu.encoding" value="Cp1252"/>
    <property name="java.library.path" value="C:\PROGRA~2\Java\jdk1.8.0_121\bin;C:\Windows\Sun\Java\bin;C:\Windows\system32;C:\Windows;C:\Users\cliente\bin;C:\Program Files\Git\mingw64\bin;C:\Program Files\Git\usr\local\bin;C:\Program Files\Git\usr\bin;C:\Program Files\Git\usr\bin;C:\Program Files\Git\mingw64\bin;C:\Program Files\Git\usr\bin;C:\Users\cliente\bin;C:\ProgramData\Oracle\Java\javapath;C:\Windows\system32;C:\Windows;C:\Windows\System32\Wbem;C:\Windows\System32\WindowsPowerShell\v1.0;C:\Program Files\Git\cmd;C:\Program Files (x86)\Skype\Phone;C:\Program Files\nodejs;C:\xampp\php;C:\ProgramData\ComposerSetup\bin;C:\Program Files\Sublime Text 3;C:\apache-maven-3.5.0\bin;C:\Program Files (x86)\Yarn\bin;C:\apache-ant-1.10.1\bin;C:\PROGRA~2\Java\jdk1.8.0_121\bin;C:\Ruby23\bin;C:\Users\cliente\Documents\tmp\grails-2.4.3\bin;C:\Users\cliente\AppData\Roaming\npm;C:\Users\cliente\AppData\Roaming\Composer\vendor\bin;C:\Users\cliente\AppData\Local\Yarn\.bin;C:\Program Files\Git\usr\bin\vendor_perl;C:\Program Files\Git\usr\bin\core_perl;."/>
    <property name="maven.conf" value="C:/apache-maven-3.5.0/conf"/>
    <property name="java.specification.name" value="Java Platform API Specification"/>
    <property name="java.class.version" value="52.0"/>
    <property name="sun.management.compiler" value="HotSpot Client Compiler"/>
    <property name="os.version" value="6.1"/>
    <property name="library.jansi.path" value="C:\apache-maven-3.5.0\lib\jansi-native\windows32"/>
    <property name="user.home" value="C:\Users\cliente"/>
    <property name="user.timezone" value="America/Mexico_City"/>
    <property name="java.awt.printerjob" value="sun.awt.windows.WPrinterJob"/>
    <property name="java.specification.version" value="1.8"/>
    <property name="file.encoding" value="Cp1252"/>
    <property name="user.name" value="cliente"/>
    <property name="java.class.path" value="C:/apache-maven-3.5.0/boot/plexus-classworlds-2.5.2.jar"/>
    <property name="java.vm.specification.version" value="1.8"/>
    <property name="sun.arch.data.model" value="32"/>
    <property name="java.home" value="C:\PROGRA~2\Java\jdk1.8.0_121\jre"/>
    <property name="sun.java.command" value="org.codehaus.plexus.classworlds.launcher.Launcher clean install"/>
    <property name="java.specification.vendor" value="Oracle Corporation"/>
    <property name="user.language" value="es"/>
    <property name="awt.toolkit" value="sun.awt.windows.WToolkit"/>
    <property name="java.vm.info" value="mixed mode"/>
    <property name="java.version" value="1.8.0_121"/>
    <property name="java.ext.dirs" value="C:\PROGRA~2\Java\jdk1.8.0_121\jre\lib\ext;C:\Windows\Sun\Java\lib\ext"/>
    <property name="sun.boot.class.path" value="C:\PROGRA~2\Java\jdk1.8.0_121\jre\lib\resources.jar;C:\PROGRA~2\Java\jdk1.8.0_121\jre\lib\rt.jar;C:\PROGRA~2\Java\jdk1.8.0_121\jre\lib\sunrsasign.jar;C:\PROGRA~2\Java\jdk1.8.0_121\jre\lib\jsse.jar;C:\PROGRA~2\Java\jdk1.8.0_121\jre\lib\jce.jar;C:\PROGRA~2\Java\jdk1.8.0_121\jre\lib\charsets.jar;C:\PROGRA~2\Java\jdk1.8.0_121\jre\lib\jfr.jar;C:\PROGRA~2\Java\jdk1.8.0_121\jre\classes"/>
    <property name="java.vendor" value="Oracle Corporation"/>
    <property name="maven.home" value="C:\apache-maven-3.5.0"/>
    <property name="file.separator" value="\"/>
    <property name="java.vendor.url.bug" value="http://bugreport.sun.com/bugreport/"/>
    <property name="sun.cpu.endian" value="little"/>
    <property name="sun.io.unicode.encoding" value="UnicodeLittle"/>
    <property name="sun.desktop" value="windows"/>
    <property name="sun.cpu.isalist" value="pentium_pro+mmx pentium_pro pentium+mmx pentium i486 i386 i86"/>
  </properties>
  <testcase name="initializationError" classname="sii.app.TradeServiceTest" time="0.019">
    <error message="Unable to find a @SpringBootConfiguration, you need to use @ContextConfiguration or @SpringBootTest(classes=...) with your test" type="java.lang.IllegalStateException"><![CDATA[java.lang.IllegalStateException: Unable to find a @SpringBootConfiguration, you need to use @ContextConfiguration or @SpringBootTest(classes=...) with your test
	at org.springframework.util.Assert.state(Assert.java:392)
	at org.springframework.boot.test.context.SpringBootTestContextBootstrapper.getOrFindConfigurationClasses(SpringBootTestContextBootstrapper.java:156)
	at org.springframework.boot.test.context.SpringBootTestContextBootstrapper.processMergedContextConfiguration(SpringBootTestContextBootstrapper.java:116)
	at org.springframework.test.context.support.AbstractTestContextBootstrapper.buildMergedContextConfiguration(AbstractTestContextBootstrapper.java:409)
	at org.springframework.test.context.support.AbstractTestContextBootstrapper.buildDefaultMergedContextConfiguration(AbstractTestContextBootstrapper.java:323)
	at org.springframework.test.context.support.AbstractTestContextBootstrapper.buildMergedContextConfiguration(AbstractTestContextBootstrapper.java:277)
	at org.springframework.test.context.support.AbstractTestContextBootstrapper.buildTestContext(AbstractTestContextBootstrapper.java:112)
	at org.springframework.boot.test.context.SpringBootTestContextBootstrapper.buildTestContext(SpringBootTestContextBootstrapper.java:74)
	at org.springframework.test.context.TestContextManager.<init>(TestContextManager.java:120)
	at org.springframework.test.context.TestContextManager.<init>(TestContextManager.java:105)
	at org.springframework.test.context.junit4.SpringJUnit4ClassRunner.createTestContextManager(SpringJUnit4ClassRunner.java:152)
	at org.springframework.test.context.junit4.SpringJUnit4ClassRunner.<init>(SpringJUnit4ClassRunner.java:143)
	at org.springframework.test.context.junit4.SpringRunner.<init>(SpringRunner.java:49)
	at sun.reflect.NativeConstructorAccessorImpl.newInstance0(Native Method)
	at sun.reflect.NativeConstructorAccessorImpl.newInstance(NativeConstructorAccessorImpl.java:62)
	at sun.reflect.DelegatingConstructorAccessorImpl.newInstance(DelegatingConstructorAccessorImpl.java:45)
	at java.lang.reflect.Constructor.newInstance(Constructor.java:423)
	at org.junit.internal.builders.AnnotatedBuilder.buildRunner(AnnotatedBuilder.java:104)
	at org.junit.internal.builders.AnnotatedBuilder.runnerForClass(AnnotatedBuilder.java:86)
	at org.junit.runners.model.RunnerBuilder.safeRunnerForClass(RunnerBuilder.java:59)
	at org.junit.internal.builders.AllDefaultPossibilitiesBuilder.runnerForClass(AllDefaultPossibilitiesBuilder.java:26)
	at org.junit.runners.model.RunnerBuilder.safeRunnerForClass(RunnerBuilder.java:59)
	at org.junit.internal.requests.ClassRequest.getRunner(ClassRequest.java:33)
	at org.apache.maven.surefire.junit4.JUnit4Provider.execute(JUnit4Provider.java:283)
	at org.apache.maven.surefire.junit4.JUnit4Provider.executeWithRerun(JUnit4Provider.java:173)
	at org.apache.maven.surefire.junit4.JUnit4Provider.executeTestSet(JUnit4Provider.java:153)
	at org.apache.maven.surefire.junit4.JUnit4Provider.invoke(JUnit4Provider.java:128)
	at org.apache.maven.surefire.booter.ForkedBooter.invokeProviderInSameClassLoader(ForkedBooter.java:203)
	at org.apache.maven.surefire.booter.ForkedBooter.runSuitesInProcess(ForkedBooter.java:155)
	at org.apache.maven.surefire.booter.ForkedBooter.main(ForkedBooter.java:103)
]]></error>
    <system-out><![CDATA[17:29:38.438 [main] DEBUG org.springframework.test.context.junit4.SpringJUnit4ClassRunner - SpringJUnit4ClassRunner constructor called with [class sii.app.TradeServiceTest]
17:29:38.458 [main] DEBUG org.springframework.test.context.BootstrapUtils - Instantiating CacheAwareContextLoaderDelegate from class [org.springframework.test.context.cache.DefaultCacheAwareContextLoaderDelegate]
17:29:38.488 [main] DEBUG org.springframework.test.context.BootstrapUtils - Instantiating BootstrapContext using constructor [public org.springframework.test.context.support.DefaultBootstrapContext(java.lang.Class,org.springframework.test.context.CacheAwareContextLoaderDelegate)]
17:29:38.550 [main] DEBUG org.springframework.test.context.BootstrapUtils - Instantiating TestContextBootstrapper for test class [sii.app.TradeServiceTest] from class [org.springframework.boot.test.context.SpringBootTestContextBootstrapper]
17:29:38.580 [main] INFO org.springframework.boot.test.context.SpringBootTestContextBootstrapper - Neither @ContextConfiguration nor @ContextHierarchy found for test class [sii.app.TradeServiceTest], using SpringBootContextLoader
17:29:38.600 [main] DEBUG org.springframework.test.context.support.AbstractContextLoader - Did not detect default resource location for test class [sii.app.TradeServiceTest]: class path resource [sii/app/TradeServiceTest-context.xml] does not exist
17:29:38.600 [main] DEBUG org.springframework.test.context.support.AbstractContextLoader - Did not detect default resource location for test class [sii.app.TradeServiceTest]: class path resource [sii/app/TradeServiceTestContext.groovy] does not exist
17:29:38.600 [main] INFO org.springframework.test.context.support.AbstractContextLoader - Could not detect default resource locations for test class [sii.app.TradeServiceTest]: no resource found for suffixes {-context.xml, Context.groovy}.
17:29:38.600 [main] INFO org.springframework.test.context.support.AnnotationConfigContextLoaderUtils - Could not detect default configuration classes for test class [sii.app.TradeServiceTest]: TradeServiceTest does not declare any static, non-private, non-final, nested classes annotated with @Configuration.
17:29:38.754 [main] DEBUG org.springframework.test.context.support.ActiveProfilesUtils - Could not find an 'annotation declaring class' for annotation type [org.springframework.test.context.ActiveProfiles] and class [sii.app.TradeServiceTest]
17:29:38.909 [main] DEBUG org.springframework.core.env.StandardEnvironment - Adding [systemProperties] PropertySource with lowest search precedence
17:29:38.909 [main] DEBUG org.springframework.core.env.StandardEnvironment - Adding [systemEnvironment] PropertySource with lowest search precedence
17:29:38.910 [main] DEBUG org.springframework.core.env.StandardEnvironment - Initialized StandardEnvironment with PropertySources [systemProperties,systemEnvironment]
17:29:38.939 [main] DEBUG org.springframework.core.io.support.PathMatchingResourcePatternResolver - Resolved classpath location [sii/app/] to resources [URL [file:/C:/Users/cliente/Documents/exocerebro/devnateksii/siitrialbackend/target/test-classes/sii/app/], URL [file:/C:/Users/cliente/Documents/exocerebro/devnateksii/siitrialbackend/target/classes/sii/app/]]
17:29:38.940 [main] DEBUG org.springframework.core.io.support.PathMatchingResourcePatternResolver - Looking for matching resources in directory tree [C:\Users\cliente\Documents\exocerebro\devnateksii\siitrialbackend\target\test-classes\sii\app]
17:29:38.941 [main] DEBUG org.springframework.core.io.support.PathMatchingResourcePatternResolver - Searching directory [C:\Users\cliente\Documents\exocerebro\devnateksii\siitrialbackend\target\test-classes\sii\app] for files matching pattern [C:/Users/cliente/Documents/exocerebro/devnateksii/siitrialbackend/target/test-classes/sii/app/*.class]
17:29:38.963 [main] DEBUG org.springframework.core.io.support.PathMatchingResourcePatternResolver - Looking for matching resources in directory tree [C:\Users\cliente\Documents\exocerebro\devnateksii\siitrialbackend\target\classes\sii\app]
17:29:38.964 [main] DEBUG org.springframework.core.io.support.PathMatchingResourcePatternResolver - Searching directory [C:\Users\cliente\Documents\exocerebro\devnateksii\siitrialbackend\target\classes\sii\app] for files matching pattern [C:/Users/cliente/Documents/exocerebro/devnateksii/siitrialbackend/target/classes/sii/app/*.class]
17:29:38.967 [main] DEBUG org.springframework.core.io.support.PathMatchingResourcePatternResolver - Resolved location pattern [classpath*:sii/app/*.class] to resources [file [C:\Users\cliente\Documents\exocerebro\devnateksii\siitrialbackend\target\test-classes\sii\app\TradeServiceTest.class], file [C:\Users\cliente\Documents\exocerebro\devnateksii\siitrialbackend\target\classes\sii\app\Application.class], file [C:\Users\cliente\Documents\exocerebro\devnateksii\siitrialbackend\target\classes\sii\app\MvcConfig.class], file [C:\Users\cliente\Documents\exocerebro\devnateksii\siitrialbackend\target\classes\sii\app\TradeRestController.class], file [C:\Users\cliente\Documents\exocerebro\devnateksii\siitrialbackend\target\classes\sii\app\TradeService.class], file [C:\Users\cliente\Documents\exocerebro\devnateksii\siitrialbackend\target\classes\sii\app\TradeServiceImpl.class]]
17:29:39.103 [main] DEBUG org.springframework.core.io.support.PathMatchingResourcePatternResolver - Resolved classpath location [sii/] to resources [URL [file:/C:/Users/cliente/Documents/exocerebro/devnateksii/siitrialbackend/target/test-classes/sii/], URL [file:/C:/Users/cliente/Documents/exocerebro/devnateksii/siitrialbackend/target/classes/sii/]]
17:29:39.103 [main] DEBUG org.springframework.core.io.support.PathMatchingResourcePatternResolver - Looking for matching resources in directory tree [C:\Users\cliente\Documents\exocerebro\devnateksii\siitrialbackend\target\test-classes\sii]
17:29:39.104 [main] DEBUG org.springframework.core.io.support.PathMatchingResourcePatternResolver - Searching directory [C:\Users\cliente\Documents\exocerebro\devnateksii\siitrialbackend\target\test-classes\sii] for files matching pattern [C:/Users/cliente/Documents/exocerebro/devnateksii/siitrialbackend/target/test-classes/sii/*.class]
17:29:39.105 [main] DEBUG org.springframework.core.io.support.PathMatchingResourcePatternResolver - Looking for matching resources in directory tree [C:\Users\cliente\Documents\exocerebro\devnateksii\siitrialbackend\target\classes\sii]
17:29:39.106 [main] DEBUG org.springframework.core.io.support.PathMatchingResourcePatternResolver - Searching directory [C:\Users\cliente\Documents\exocerebro\devnateksii\siitrialbackend\target\classes\sii] for files matching pattern [C:/Users/cliente/Documents/exocerebro/devnateksii/siitrialbackend/target/classes/sii/*.class]
17:29:39.108 [main] DEBUG org.springframework.core.io.support.PathMatchingResourcePatternResolver - Resolved location pattern [classpath*:sii/*.class] to resources []
17:29:39.118 [main] DEBUG org.springframework.test.context.junit4.SpringJUnit4ClassRunner - SpringJUnit4ClassRunner constructor called with [class sii.app.TradeServiceTest]
17:29:39.118 [main] DEBUG org.springframework.test.context.BootstrapUtils - Instantiating CacheAwareContextLoaderDelegate from class [org.springframework.test.context.cache.DefaultCacheAwareContextLoaderDelegate]
17:29:39.118 [main] DEBUG org.springframework.test.context.BootstrapUtils - Instantiating BootstrapContext using constructor [public org.springframework.test.context.support.DefaultBootstrapContext(java.lang.Class,org.springframework.test.context.CacheAwareContextLoaderDelegate)]
17:29:39.120 [main] DEBUG org.springframework.test.context.BootstrapUtils - Instantiating TestContextBootstrapper for test class [sii.app.TradeServiceTest] from class [org.springframework.boot.test.context.SpringBootTestContextBootstrapper]
17:29:39.123 [main] INFO org.springframework.boot.test.context.SpringBootTestContextBootstrapper - Neither @ContextConfiguration nor @ContextHierarchy found for test class [sii.app.TradeServiceTest], using SpringBootContextLoader
17:29:39.124 [main] DEBUG org.springframework.test.context.support.AbstractContextLoader - Did not detect default resource location for test class [sii.app.TradeServiceTest]: class path resource [sii/app/TradeServiceTest-context.xml] does not exist
17:29:39.125 [main] DEBUG org.springframework.test.context.support.AbstractContextLoader - Did not detect default resource location for test class [sii.app.TradeServiceTest]: class path resource [sii/app/TradeServiceTestContext.groovy] does not exist
17:29:39.126 [main] INFO org.springframework.test.context.support.AbstractContextLoader - Could not detect default resource locations for test class [sii.app.TradeServiceTest]: no resource found for suffixes {-context.xml, Context.groovy}.
17:29:39.128 [main] INFO org.springframework.test.context.support.AnnotationConfigContextLoaderUtils - Could not detect default configuration classes for test class [sii.app.TradeServiceTest]: TradeServiceTest does not declare any static, non-private, non-final, nested classes annotated with @Configuration.
17:29:39.150 [main] DEBUG org.springframework.test.context.support.ActiveProfilesUtils - Could not find an 'annotation declaring class' for annotation type [org.springframework.test.context.ActiveProfiles] and class [sii.app.TradeServiceTest]
17:29:39.153 [main] DEBUG org.springframework.core.env.StandardEnvironment - Adding [systemProperties] PropertySource with lowest search precedence
17:29:39.153 [main] DEBUG org.springframework.core.env.StandardEnvironment - Adding [systemEnvironment] PropertySource with lowest search precedence
17:29:39.154 [main] DEBUG org.springframework.core.env.StandardEnvironment - Initialized StandardEnvironment with PropertySources [systemProperties,systemEnvironment]
17:29:39.155 [main] DEBUG org.springframework.core.io.support.PathMatchingResourcePatternResolver - Resolved classpath location [sii/app/] to resources [URL [file:/C:/Users/cliente/Documents/exocerebro/devnateksii/siitrialbackend/target/test-classes/sii/app/], URL [file:/C:/Users/cliente/Documents/exocerebro/devnateksii/siitrialbackend/target/classes/sii/app/]]
17:29:39.156 [main] DEBUG org.springframework.core.io.support.PathMatchingResourcePatternResolver - Looking for matching resources in directory tree [C:\Users\cliente\Documents\exocerebro\devnateksii\siitrialbackend\target\test-classes\sii\app]
17:29:39.157 [main] DEBUG org.springframework.core.io.support.PathMatchingResourcePatternResolver - Searching directory [C:\Users\cliente\Documents\exocerebro\devnateksii\siitrialbackend\target\test-classes\sii\app] for files matching pattern [C:/Users/cliente/Documents/exocerebro/devnateksii/siitrialbackend/target/test-classes/sii/app/*.class]
17:29:39.159 [main] DEBUG org.springframework.core.io.support.PathMatchingResourcePatternResolver - Looking for matching resources in directory tree [C:\Users\cliente\Documents\exocerebro\devnateksii\siitrialbackend\target\classes\sii\app]
17:29:39.160 [main] DEBUG org.springframework.core.io.support.PathMatchingResourcePatternResolver - Searching directory [C:\Users\cliente\Documents\exocerebro\devnateksii\siitrialbackend\target\classes\sii\app] for files matching pattern [C:/Users/cliente/Documents/exocerebro/devnateksii/siitrialbackend/target/classes/sii/app/*.class]
17:29:39.164 [main] DEBUG org.springframework.core.io.support.PathMatchingResourcePatternResolver - Resolved location pattern [classpath*:sii/app/*.class] to resources [file [C:\Users\cliente\Documents\exocerebro\devnateksii\siitrialbackend\target\test-classes\sii\app\TradeServiceTest.class], file [C:\Users\cliente\Documents\exocerebro\devnateksii\siitrialbackend\target\classes\sii\app\Application.class], file [C:\Users\cliente\Documents\exocerebro\devnateksii\siitrialbackend\target\classes\sii\app\MvcConfig.class], file [C:\Users\cliente\Documents\exocerebro\devnateksii\siitrialbackend\target\classes\sii\app\TradeRestController.class], file [C:\Users\cliente\Documents\exocerebro\devnateksii\siitrialbackend\target\classes\sii\app\TradeService.class], file [C:\Users\cliente\Documents\exocerebro\devnateksii\siitrialbackend\target\classes\sii\app\TradeServiceImpl.class]]
17:29:39.174 [main] DEBUG org.springframework.core.io.support.PathMatchingResourcePatternResolver - Resolved classpath location [sii/] to resources [URL [file:/C:/Users/cliente/Documents/exocerebro/devnateksii/siitrialbackend/target/test-classes/sii/], URL [file:/C:/Users/cliente/Documents/exocerebro/devnateksii/siitrialbackend/target/classes/sii/]]
17:29:39.175 [main] DEBUG org.springframework.core.io.support.PathMatchingResourcePatternResolver - Looking for matching resources in directory tree [C:\Users\cliente\Documents\exocerebro\devnateksii\siitrialbackend\target\test-classes\sii]
17:29:39.176 [main] DEBUG org.springframework.core.io.support.PathMatchingResourcePatternResolver - Searching directory [C:\Users\cliente\Documents\exocerebro\devnateksii\siitrialbackend\target\test-classes\sii] for files matching pattern [C:/Users/cliente/Documents/exocerebro/devnateksii/siitrialbackend/target/test-classes/sii/*.class]
17:29:39.177 [main] DEBUG org.springframework.core.io.support.PathMatchingResourcePatternResolver - Looking for matching resources in directory tree [C:\Users\cliente\Documents\exocerebro\devnateksii\siitrialbackend\target\classes\sii]
17:29:39.177 [main] DEBUG org.springframework.core.io.support.PathMatchingResourcePatternResolver - Searching directory [C:\Users\cliente\Documents\exocerebro\devnateksii\siitrialbackend\target\classes\sii] for files matching pattern [C:/Users/cliente/Documents/exocerebro/devnateksii/siitrialbackend/target/classes/sii/*.class]
17:29:39.179 [main] DEBUG org.springframework.core.io.support.PathMatchingResourcePatternResolver - Resolved location pattern [classpath*:sii/*.class] to resources []
]]></system-out>
  </testcase>
</testsuite>